app/build/outputs/logs/manifest-merger-debug-report.txt
-- Merging decision tree log ---
manifest
ADDED from src/main/AndroidManifest.xml:2:1-99:12
INJECTED from src/main/AndroidManifest.xml:2:1-99:12
INJECTED from src/main/AndroidManifest.xml:2:1-99:12
INJECTED from src/main/AndroidManifest.xml:2:1-99:12
MERGED from [com.google.android.gms:play-services-auth:19.2.0] AndroidManifest.xml:17:1-40:12
MERGED from [com.google.android.gms:play-services-games:21.0.0] AndroidManifest.xml:17:1-24:12
MERGED from [com.google.android.gms:play-services-ads:21.4.0] AndroidManifest.xml:17:1-25:12
MERGED from [com.google.android.gms:play-services-ads-lite:21.4.0] AndroidManifest.xml:17:1-77:12
MERGED from [com.google.android.ump:user-messaging-platform:2.0.0] AndroidManifest.xml:2:1-7:12
MERGED from [com.google.android.gms:play-services-ads-identifier:18.0.0] AndroidManifest.xml:17:1-27:12
MERGED from [androidx.preference:preference:1.1.1] AndroidManifest.xml:17:1-24:12
MERGED from [androidx.multidex:multidex:2.0.1] AndroidManifest.xml:17:1-22:12
MERGED from [:aob_sessionreporting] AndroidManifest.xml:2:1-14:12
MERGED from [com.android.billingclient:billing:4.0.0] AndroidManifest.xml:2:1-24:12
MERGED from [androidx.appcompat:appcompat:1.1.0] AndroidManifest.xml:17:1-24:12
MERGED from [com.google.android.gms:play-services-auth-api-phone:17.0.0] AndroidManifest.xml:2:1-7:12
MERGED from [com.google.android.gms:play-services-auth-base:17.0.0] AndroidManifest.xml:2:1-7:12
MERGED from [com.google.android.gms:play-services-drive:17.0.0] AndroidManifest.xml:17:1-24:12
MERGED from [com.google.android.gms:play-services-appset:16.0.1] AndroidManifest.xml:2:1-9:12
MERGED from [com.google.android.gms:play-services-base:18.0.0] AndroidManifest.xml:16:1-24:12
MERGED from [com.google.android.gms:play-services-tasks:18.0.1] AndroidManifest.xml:2:1-6:12
MERGED from [com.google.android.gms:play-services-ads-base:21.4.0] AndroidManifest.xml:2:1-9:12
MERGED from [com.google.android.gms:play-services-measurement-sdk-api:20.1.2] AndroidManifest.xml:17:1-28:12
MERGED from [com.google.android.gms:play-services-measurement-base:20.1.2] AndroidManifest.xml:2:1-9:12
MERGED from [com.google.android.gms:play-services-basement:18.0.0] AndroidManifest.xml:16:1-26:12
MERGED from [androidx.fragment:fragment:1.2.4] AndroidManifest.xml:17:1-24:12
MERGED from [androidx.recyclerview:recyclerview:1.0.0] AndroidManifest.xml:17:1-22:12
MERGED from [androidx.legacy:legacy-support-core-ui:1.0.0] AndroidManifest.xml:17:1-22:12
MERGED from [androidx.legacy:legacy-support-core-utils:1.0.0] AndroidManifest.xml:17:1-22:12
MERGED from [androidx.loader:loader:1.0.0] AndroidManifest.xml:17:1-22:12
MERGED from [androidx.browser:browser:1.4.0] AndroidManifest.xml:17:1-24:12
MERGED from [androidx.viewpager:viewpager:1.0.0] AndroidManifest.xml:17:1-22:12
MERGED from [androidx.activity:activity:1.1.0] AndroidManifest.xml:17:1-24:12
MERGED from [androidx.appcompat:appcompat-resources:1.1.0] AndroidManifest.xml:17:1-24:12
MERGED from [androidx.drawerlayout:drawerlayout:1.0.0] AndroidManifest.xml:17:1-22:12
MERGED from [androidx.work:work-runtime:2.7.0] AndroidManifest.xml:17:1-145:12
MERGED from [androidx.coordinatorlayout:coordinatorlayout:1.0.0] AndroidManifest.xml:17:1-22:12
MERGED from [androidx.slidingpanelayout:slidingpanelayout:1.0.0] AndroidManifest.xml:17:1-22:12
MERGED from [androidx.customview:customview:1.0.0] AndroidManifest.xml:17:1-22:12
MERGED from [androidx.vectordrawable:vectordrawable-animated:1.1.0] AndroidManifest.xml:17:1-24:12
MERGED from [androidx.vectordrawable:vectordrawable:1.1.0] AndroidManifest.xml:17:1-24:12
MERGED from [androidx.swiperefreshlayout:swiperefreshlayout:1.0.0] AndroidManifest.xml:17:1-22:12
MERGED from [androidx.asynclayoutinflater:asynclayoutinflater:1.0.0] AndroidManifest.xml:17:1-22:12
MERGED from [androidx.core:core:1.6.0] AndroidManifest.xml:17:1-26:12
MERGED from [androidx.versionedparcelable:versionedparcelable:1.1.1] AndroidManifest.xml:17:1-27:12
MERGED from [androidx.lifecycle:lifecycle-viewmodel-savedstate:2.2.0] AndroidManifest.xml:17:1-24:12
MERGED from [androidx.lifecycle:lifecycle-viewmodel:2.2.0] AndroidManifest.xml:17:1-24:12
MERGED from [androidx.cursoradapter:cursoradapter:1.0.0] AndroidManifest.xml:17:1-22:12
MERGED from [androidx.interpolator:interpolator:1.0.0] AndroidManifest.xml:17:1-22:12
MERGED from [androidx.lifecycle:lifecycle-service:2.1.0] AndroidManifest.xml:17:1-22:12
MERGED from [androidx.lifecycle:lifecycle-runtime:2.2.0] AndroidManifest.xml:17:1-24:12
MERGED from [androidx.savedstate:savedstate:1.0.0] AndroidManifest.xml:17:1-24:12
MERGED from [androidx.lifecycle:lifecycle-livedata:2.1.0] AndroidManifest.xml:17:1-22:12
MERGED from [androidx.lifecycle:lifecycle-livedata-core:2.2.0] AndroidManifest.xml:17:1-24:12
MERGED from [androidx.room:room-runtime:2.2.5] AndroidManifest.xml:17:1-31:12
MERGED from [androidx.arch.core:core-runtime:2.1.0] AndroidManifest.xml:17:1-24:12
MERGED from [androidx.startup:startup-runtime:1.0.0] AndroidManifest.xml:17:1-33:12
MERGED from [androidx.sqlite:sqlite-framework:2.1.0] AndroidManifest.xml:17:1-24:12
MERGED from [androidx.sqlite:sqlite:2.1.0] AndroidManifest.xml:17:1-24:12
MERGED from [androidx.documentfile:documentfile:1.0.0] AndroidManifest.xml:17:1-22:12
MERGED from [androidx.localbroadcastmanager:localbroadcastmanager:1.0.0] AndroidManifest.xml:17:1-22:12
MERGED from [androidx.print:print:1.0.0] AndroidManifest.xml:17:1-22:12
MERGED from [androidx.tracing:tracing:1.0.0] AndroidManifest.xml:17:1-24:12
MERGED from [androidx.annotation:annotation-experimental:1.1.0] AndroidManifest.xml:17:1-24:12
INJECTED from src/main/AndroidManifest.xml:2:1-99:12
INJECTED from src/main/AndroidManifest.xml:2:1-99:12
INJECTED from src/main/AndroidManifest.xml:2:1-99:12
	package
		ADDED from src/main/AndroidManifest.xml:3:5-41
		INJECTED from src/main/AndroidManifest.xml
		INJECTED from src/main/AndroidManifest.xml
	android:versionName
		ADDED from src/main/AndroidManifest.xml:5:5-30
		INJECTED from src/main/AndroidManifest.xml
		INJECTED from src/main/AndroidManifest.xml
	xmlns:android
		ADDED from src/main/AndroidManifest.xml:2:11-69
	android:versionCode
		ADDED from src/main/AndroidManifest.xml:4:5-28
		INJECTED from src/main/AndroidManifest.xml
		INJECTED from src/main/AndroidManifest.xml
application
ADDED from src/main/AndroidManifest.xml:7:5-74:19
MERGED from [com.google.android.gms:play-services-auth:19.2.0] AndroidManifest.xml:22:5-38:19
MERGED from [com.google.android.gms:play-services-auth:19.2.0] AndroidManifest.xml:22:5-38:19
MERGED from [com.google.android.gms:play-services-games:21.0.0] AndroidManifest.xml:22:5-20
MERGED from [com.google.android.gms:play-services-games:21.0.0] AndroidManifest.xml:22:5-20
MERGED from [com.google.android.gms:play-services-ads-lite:21.4.0] AndroidManifest.xml:47:5-75:19
MERGED from [com.google.android.gms:play-services-ads-lite:21.4.0] AndroidManifest.xml:47:5-75:19
MERGED from [com.google.android.gms:play-services-ads-identifier:18.0.0] AndroidManifest.xml:25:5-20
MERGED from [com.google.android.gms:play-services-ads-identifier:18.0.0] AndroidManifest.xml:25:5-20
MERGED from [com.android.billingclient:billing:4.0.0] AndroidManifest.xml:12:5-22:19
MERGED from [com.android.billingclient:billing:4.0.0] AndroidManifest.xml:12:5-22:19
MERGED from [com.google.android.gms:play-services-drive:17.0.0] AndroidManifest.xml:22:5-20
MERGED from [com.google.android.gms:play-services-drive:17.0.0] AndroidManifest.xml:22:5-20
MERGED from [com.google.android.gms:play-services-appset:16.0.1] AndroidManifest.xml:7:5-20
MERGED from [com.google.android.gms:play-services-appset:16.0.1] AndroidManifest.xml:7:5-20
MERGED from [com.google.android.gms:play-services-base:18.0.0] AndroidManifest.xml:19:5-23:19
MERGED from [com.google.android.gms:play-services-base:18.0.0] AndroidManifest.xml:19:5-23:19
MERGED from [com.google.android.gms:play-services-tasks:18.0.1] AndroidManifest.xml:5:5-20
MERGED from [com.google.android.gms:play-services-tasks:18.0.1] AndroidManifest.xml:5:5-20
MERGED from [com.google.android.gms:play-services-ads-base:21.4.0] AndroidManifest.xml:7:5-20
MERGED from [com.google.android.gms:play-services-ads-base:21.4.0] AndroidManifest.xml:7:5-20
MERGED from [com.google.android.gms:play-services-measurement-base:20.1.2] AndroidManifest.xml:7:5-20
MERGED from [com.google.android.gms:play-services-measurement-base:20.1.2] AndroidManifest.xml:7:5-20
MERGED from [com.google.android.gms:play-services-basement:18.0.0] AndroidManifest.xml:20:5-24:19
MERGED from [com.google.android.gms:play-services-basement:18.0.0] AndroidManifest.xml:20:5-24:19
MERGED from [androidx.work:work-runtime:2.7.0] AndroidManifest.xml:30:5-143:19
MERGED from [androidx.work:work-runtime:2.7.0] AndroidManifest.xml:30:5-143:19
MERGED from [androidx.core:core:1.6.0] AndroidManifest.xml:24:5-89
MERGED from [androidx.core:core:1.6.0] AndroidManifest.xml:24:5-89
MERGED from [androidx.versionedparcelable:versionedparcelable:1.1.1] AndroidManifest.xml:24:5-25:19
MERGED from [androidx.versionedparcelable:versionedparcelable:1.1.1] AndroidManifest.xml:24:5-25:19
MERGED from [androidx.room:room-runtime:2.2.5] AndroidManifest.xml:24:5-29:19
MERGED from [androidx.room:room-runtime:2.2.5] AndroidManifest.xml:24:5-29:19
MERGED from [androidx.startup:startup-runtime:1.0.0] AndroidManifest.xml:25:5-31:19
MERGED from [androidx.startup:startup-runtime:1.0.0] AndroidManifest.xml:25:5-31:19
	android:appComponentFactory
		ADDED from [androidx.core:core:1.6.0] AndroidManifest.xml:24:18-86
	android:label
		ADDED from src/main/AndroidManifest.xml:7:18-50
	android:icon
		ADDED from src/main/AndroidManifest.xml:8:9-38
	android:allowBackup
		ADDED from src/main/AndroidManifest.xml:9:9-35
	android:name
		ADDED from src/main/AndroidManifest.xml:10:9-61
meta-data#com.google.android.gms.version
ADDED from src/main/AndroidManifest.xml:12:9-13:69
MERGED from [com.google.android.gms:play-services-basement:18.0.0] AndroidManifest.xml:21:9-23:69
MERGED from [com.google.android.gms:play-services-basement:18.0.0] AndroidManifest.xml:21:9-23:69
	android:value
		ADDED from src/main/AndroidManifest.xml:13:13-66
	android:name
		ADDED from src/main/AndroidManifest.xml:12:20-65
meta-data#com.google.android.gms.games.APP_ID
ADDED from src/main/AndroidManifest.xml:14:9-15:46
	android:value
		ADDED from src/main/AndroidManifest.xml:15:13-43
	android:name
		ADDED from src/main/AndroidManifest.xml:14:20-70
activity#com.studiopaul.jumpersanta.PTPlayer
ADDED from src/main/AndroidManifest.xml:17:9-27:20
	android:screenOrientation
		ADDED from src/main/AndroidManifest.xml:19:13-50
	android:label
		ADDED from src/main/AndroidManifest.xml:18:13-45
	android:exported
		ADDED from src/main/AndroidManifest.xml:22:13-36
	android:configChanges
		ADDED from src/main/AndroidManifest.xml:21:13-48
	android:theme
		ADDED from src/main/AndroidManifest.xml:20:13-71
	android:name
		ADDED from src/main/AndroidManifest.xml:17:19-43
intent-filter#action:name:android.intent.action.MAIN+category:name:android.intent.category.LAUNCHER
ADDED from src/main/AndroidManifest.xml:23:13-26:29
action#android.intent.action.MAIN
ADDED from src/main/AndroidManifest.xml:24:17-69
	android:name
		ADDED from src/main/AndroidManifest.xml:24:25-66
category#android.intent.category.LAUNCHER
ADDED from src/main/AndroidManifest.xml:25:17-77
	android:name
		ADDED from src/main/AndroidManifest.xml:25:27-74
meta-data#com.google.android.gms.ads.APPLICATION_ID
ADDED from src/main/AndroidManifest.xml:36:9-37:51
	android:value
		ADDED from src/main/AndroidManifest.xml:37:13-49
	android:name
		ADDED from src/main/AndroidManifest.xml:36:20-76
activity#com.google.android.gms.ads.AdActivity
ADDED from src/main/AndroidManifest.xml:39:9-41:64
MERGED from [com.google.android.gms:play-services-ads-lite:21.4.0] AndroidManifest.xml:50:9-55:43
MERGED from [com.google.android.gms:play-services-ads-lite:21.4.0] AndroidManifest.xml:50:9-55:43
	android:exported
		ADDED from [com.google.android.gms:play-services-ads-lite:21.4.0] AndroidManifest.xml:53:13-37
	tools:ignore
		ADDED from [com.google.android.gms:play-services-ads-lite:21.4.0] AndroidManifest.xml:55:13-40
	android:configChanges
		ADDED from src/main/AndroidManifest.xml:40:13-122
	android:theme
		ADDED from src/main/AndroidManifest.xml:41:13-61
	android:name
		ADDED from src/main/AndroidManifest.xml:39:19-71
uses-library#org.apache.http.legacy
ADDED from src/main/AndroidManifest.xml:73:9-87
	android:required
		ADDED from src/main/AndroidManifest.xml:73:61-85
	android:name
		ADDED from src/main/AndroidManifest.xml:73:23-60
supports-screens
ADDED from src/main/AndroidManifest.xml:76:5-79:39
	android:largeScreens
		ADDED from src/main/AndroidManifest.xml:76:23-50
	android:smallScreens
		ADDED from src/main/AndroidManifest.xml:77:9-36
	android:normalScreens
		ADDED from src/main/AndroidManifest.xml:79:9-37
	android:anyDensity
		ADDED from src/main/AndroidManifest.xml:78:9-34
uses-permission#android.permission.INTERNET
ADDED from src/main/AndroidManifest.xml:92:5-67
MERGED from [com.google.android.gms:play-services-ads-lite:21.4.0] AndroidManifest.xml:24:5-67
MERGED from [com.google.android.gms:play-services-ads-lite:21.4.0] AndroidManifest.xml:24:5-67
MERGED from [:aob_sessionreporting] AndroidManifest.xml:11:5-67
MERGED from [:aob_sessionreporting] AndroidManifest.xml:11:5-67
MERGED from [com.google.android.gms:play-services-measurement-sdk-api:20.1.2] AndroidManifest.xml:23:5-67
MERGED from [com.google.android.gms:play-services-measurement-sdk-api:20.1.2] AndroidManifest.xml:23:5-67
	android:name
		ADDED from src/main/AndroidManifest.xml:92:22-64
uses-permission#android.permission.ACCESS_NETWORK_STATE
ADDED from src/main/AndroidManifest.xml:94:5-79
MERGED from [com.google.android.gms:play-services-ads-lite:21.4.0] AndroidManifest.xml:25:5-79
MERGED from [com.google.android.gms:play-services-ads-lite:21.4.0] AndroidManifest.xml:25:5-79
MERGED from [:aob_sessionreporting] AndroidManifest.xml:12:5-79
MERGED from [:aob_sessionreporting] AndroidManifest.xml:12:5-79
MERGED from [com.google.android.gms:play-services-measurement-sdk-api:20.1.2] AndroidManifest.xml:24:5-79
MERGED from [com.google.android.gms:play-services-measurement-sdk-api:20.1.2] AndroidManifest.xml:24:5-79
MERGED from [androidx.work:work-runtime:2.7.0] AndroidManifest.xml:26:5-79
MERGED from [androidx.work:work-runtime:2.7.0] AndroidManifest.xml:26:5-79
	android:name
		ADDED from src/main/AndroidManifest.xml:94:22-76
uses-permission#android.permission.ACCESS_WIFI_STATE
ADDED from src/main/AndroidManifest.xml:95:5-75
	android:name
		ADDED from src/main/AndroidManifest.xml:95:22-73
uses-permission#android.permission.ACCESS_COARSE_LOCATION
ADDED from src/main/AndroidManifest.xml:96:5-81
	android:name
		ADDED from src/main/AndroidManifest.xml:96:22-78
uses-permission#android.permission.WRITE_EXTERNAL_STORAGE
ADDED from src/main/AndroidManifest.xml:97:5-81
	android:name
		ADDED from src/main/AndroidManifest.xml:97:22-78
uses-sdk
INJECTED from src/main/AndroidManifest.xml reason: use-sdk injection requested
INJECTED from src/main/AndroidManifest.xml
INJECTED from src/main/AndroidManifest.xml
MERGED from [com.google.android.gms:play-services-auth:19.2.0] AndroidManifest.xml:20:5-44
MERGED from [com.google.android.gms:play-services-auth:19.2.0] AndroidManifest.xml:20:5-44
MERGED from [com.google.android.gms:play-services-games:21.0.0] AndroidManifest.xml:20:5-44
MERGED from [com.google.android.gms:play-services-games:21.0.0] AndroidManifest.xml:20:5-44
MERGED from [com.google.android.gms:play-services-ads:21.4.0] AndroidManifest.xml:21:5-23:52
MERGED from [com.google.android.gms:play-services-ads:21.4.0] AndroidManifest.xml:21:5-23:52
MERGED from [com.google.android.gms:play-services-ads-lite:21.4.0] AndroidManifest.xml:21:5-44
MERGED from [com.google.android.gms:play-services-ads-lite:21.4.0] AndroidManifest.xml:21:5-44
MERGED from [com.google.android.ump:user-messaging-platform:2.0.0] AndroidManifest.xml:5:5-44
MERGED from [com.google.android.ump:user-messaging-platform:2.0.0] AndroidManifest.xml:5:5-44
MERGED from [com.google.android.gms:play-services-ads-identifier:18.0.0] AndroidManifest.xml:20:5-44
MERGED from [com.google.android.gms:play-services-ads-identifier:18.0.0] AndroidManifest.xml:20:5-44
MERGED from [androidx.preference:preference:1.1.1] AndroidManifest.xml:20:5-22:41
MERGED from [androidx.preference:preference:1.1.1] AndroidManifest.xml:20:5-22:41
MERGED from [androidx.multidex:multidex:2.0.1] AndroidManifest.xml:20:5-43
MERGED from [androidx.multidex:multidex:2.0.1] AndroidManifest.xml:20:5-43
MERGED from [:aob_sessionreporting] AndroidManifest.xml:7:5-9:41
MERGED from [:aob_sessionreporting] AndroidManifest.xml:7:5-9:41
MERGED from [com.android.billingclient:billing:4.0.0] AndroidManifest.xml:6:5-8:41
MERGED from [com.android.billingclient:billing:4.0.0] AndroidManifest.xml:6:5-8:41
MERGED from [androidx.appcompat:appcompat:1.1.0] AndroidManifest.xml:20:5-22:41
MERGED from [androidx.appcompat:appcompat:1.1.0] AndroidManifest.xml:20:5-22:41
MERGED from [com.google.android.gms:play-services-auth-api-phone:17.0.0] AndroidManifest.xml:5:5-44
MERGED from [com.google.android.gms:play-services-auth-api-phone:17.0.0] AndroidManifest.xml:5:5-44
MERGED from [com.google.android.gms:play-services-auth-base:17.0.0] AndroidManifest.xml:5:5-44
MERGED from [com.google.android.gms:play-services-auth-base:17.0.0] AndroidManifest.xml:5:5-44
MERGED from [com.google.android.gms:play-services-drive:17.0.0] AndroidManifest.xml:20:5-44
MERGED from [com.google.android.gms:play-services-drive:17.0.0] AndroidManifest.xml:20:5-44
MERGED from [com.google.android.gms:play-services-appset:16.0.1] AndroidManifest.xml:5:5-44
MERGED from [com.google.android.gms:play-services-appset:16.0.1] AndroidManifest.xml:5:5-44
MERGED from [com.google.android.gms:play-services-base:18.0.0] AndroidManifest.xml:18:5-43
MERGED from [com.google.android.gms:play-services-base:18.0.0] AndroidManifest.xml:18:5-43
MERGED from [com.google.android.gms:play-services-tasks:18.0.1] AndroidManifest.xml:4:5-43
MERGED from [com.google.android.gms:play-services-tasks:18.0.1] AndroidManifest.xml:4:5-43
MERGED from [com.google.android.gms:play-services-ads-base:21.4.0] AndroidManifest.xml:5:5-44
MERGED from [com.google.android.gms:play-services-ads-base:21.4.0] AndroidManifest.xml:5:5-44
MERGED from [com.google.android.gms:play-services-measurement-sdk-api:20.1.2] AndroidManifest.xml:20:5-44
MERGED from [com.google.android.gms:play-services-measurement-sdk-api:20.1.2] AndroidManifest.xml:20:5-44
MERGED from [com.google.android.gms:play-services-measurement-base:20.1.2] AndroidManifest.xml:5:5-44
MERGED from [com.google.android.gms:play-services-measurement-base:20.1.2] AndroidManifest.xml:5:5-44
MERGED from [com.google.android.gms:play-services-basement:18.0.0] AndroidManifest.xml:18:5-43
MERGED from [com.google.android.gms:play-services-basement:18.0.0] AndroidManifest.xml:18:5-43
MERGED from [androidx.fragment:fragment:1.2.4] AndroidManifest.xml:20:5-22:41
MERGED from [androidx.fragment:fragment:1.2.4] AndroidManifest.xml:20:5-22:41
MERGED from [androidx.recyclerview:recyclerview:1.0.0] AndroidManifest.xml:20:5-44
MERGED from [androidx.recyclerview:recyclerview:1.0.0] AndroidManifest.xml:20:5-44
MERGED from [androidx.legacy:legacy-support-core-ui:1.0.0] AndroidManifest.xml:20:5-44
MERGED from [androidx.legacy:legacy-support-core-ui:1.0.0] AndroidManifest.xml:20:5-44
MERGED from [androidx.legacy:legacy-support-core-utils:1.0.0] AndroidManifest.xml:20:5-44
MERGED from [androidx.legacy:legacy-support-core-utils:1.0.0] AndroidManifest.xml:20:5-44
MERGED from [androidx.loader:loader:1.0.0] AndroidManifest.xml:20:5-44
MERGED from [androidx.loader:loader:1.0.0] AndroidManifest.xml:20:5-44
MERGED from [androidx.browser:browser:1.4.0] AndroidManifest.xml:20:5-22:41
MERGED from [androidx.browser:browser:1.4.0] AndroidManifest.xml:20:5-22:41
MERGED from [androidx.viewpager:viewpager:1.0.0] AndroidManifest.xml:20:5-44
MERGED from [androidx.viewpager:viewpager:1.0.0] AndroidManifest.xml:20:5-44
MERGED from [androidx.activity:activity:1.1.0] AndroidManifest.xml:20:5-22:41
MERGED from [androidx.activity:activity:1.1.0] AndroidManifest.xml:20:5-22:41
MERGED from [androidx.appcompat:appcompat-resources:1.1.0] AndroidManifest.xml:20:5-22:41
MERGED from [androidx.appcompat:appcompat-resources:1.1.0] AndroidManifest.xml:20:5-22:41
MERGED from [androidx.drawerlayout:drawerlayout:1.0.0] AndroidManifest.xml:20:5-44
MERGED from [androidx.drawerlayout:drawerlayout:1.0.0] AndroidManifest.xml:20:5-44
MERGED from [androidx.work:work-runtime:2.7.0] AndroidManifest.xml:21:5-23:41
MERGED from [androidx.work:work-runtime:2.7.0] AndroidManifest.xml:21:5-23:41
MERGED from [androidx.coordinatorlayout:coordinatorlayout:1.0.0] AndroidManifest.xml:20:5-44
MERGED from [androidx.coordinatorlayout:coordinatorlayout:1.0.0] AndroidManifest.xml:20:5-44
MERGED from [androidx.slidingpanelayout:slidingpanelayout:1.0.0] AndroidManifest.xml:20:5-44
MERGED from [androidx.slidingpanelayout:slidingpanelayout:1.0.0] AndroidManifest.xml:20:5-44
MERGED from [androidx.customview:customview:1.0.0] AndroidManifest.xml:20:5-44
MERGED from [androidx.customview:customview:1.0.0] AndroidManifest.xml:20:5-44
MERGED from [androidx.vectordrawable:vectordrawable-animated:1.1.0] AndroidManifest.xml:20:5-22:41
MERGED from [androidx.vectordrawable:vectordrawable-animated:1.1.0] AndroidManifest.xml:20:5-22:41
MERGED from [androidx.vectordrawable:vectordrawable:1.1.0] AndroidManifest.xml:20:5-22:41
MERGED from [androidx.vectordrawable:vectordrawable:1.1.0] AndroidManifest.xml:20:5-22:41
MERGED from [androidx.swiperefreshlayout:swiperefreshlayout:1.0.0] AndroidManifest.xml:20:5-44
MERGED from [androidx.swiperefreshlayout:swiperefreshlayout:1.0.0] AndroidManifest.xml:20:5-44
MERGED from [androidx.asynclayoutinflater:asynclayoutinflater:1.0.0] AndroidManifest.xml:20:5-44
MERGED from [androidx.asynclayoutinflater:asynclayoutinflater:1.0.0] AndroidManifest.xml:20:5-44
MERGED from [androidx.core:core:1.6.0] AndroidManifest.xml:20:5-22:41
MERGED from [androidx.core:core:1.6.0] AndroidManifest.xml:20:5-22:41
MERGED from [androidx.versionedparcelable:versionedparcelable:1.1.1] AndroidManifest.xml:20:5-22:41
MERGED from [androidx.versionedparcelable:versionedparcelable:1.1.1] AndroidManifest.xml:20:5-22:41
MERGED from [androidx.lifecycle:lifecycle-viewmodel-savedstate:2.2.0] AndroidManifest.xml:20:5-22:41
MERGED from [androidx.lifecycle:lifecycle-viewmodel-savedstate:2.2.0] AndroidManifest.xml:20:5-22:41
MERGED from [androidx.lifecycle:lifecycle-viewmodel:2.2.0] AndroidManifest.xml:20:5-22:41
MERGED from [androidx.lifecycle:lifecycle-viewmodel:2.2.0] AndroidManifest.xml:20:5-22:41
MERGED from [androidx.cursoradapter:cursoradapter:1.0.0] AndroidManifest.xml:20:5-44
MERGED from [androidx.cursoradapter:cursoradapter:1.0.0] AndroidManifest.xml:20:5-44
MERGED from [androidx.interpolator:interpolator:1.0.0] AndroidManifest.xml:20:5-44
MERGED from [androidx.interpolator:interpolator:1.0.0] AndroidManifest.xml:20:5-44
MERGED from [androidx.lifecycle:lifecycle-service:2.1.0] AndroidManifest.xml:20:5-44
MERGED from [androidx.lifecycle:lifecycle-service:2.1.0] AndroidManifest.xml:20:5-44
MERGED from [androidx.lifecycle:lifecycle-runtime:2.2.0] AndroidManifest.xml:20:5-22:41
MERGED from [androidx.lifecycle:lifecycle-runtime:2.2.0] AndroidManifest.xml:20:5-22:41
MERGED from [androidx.savedstate:savedstate:1.0.0] AndroidManifest.xml:20:5-22:41
MERGED from [androidx.savedstate:savedstate:1.0.0] AndroidManifest.xml:20:5-22:41
MERGED from [androidx.lifecycle:lifecycle-livedata:2.1.0] AndroidManifest.xml:20:5-44
MERGED from [androidx.lifecycle:lifecycle-livedata:2.1.0] AndroidManifest.xml:20:5-44
MERGED from [androidx.lifecycle:lifecycle-livedata-core:2.2.0] AndroidManifest.xml:20:5-22:41
MERGED from [androidx.lifecycle:lifecycle-livedata-core:2.2.0] AndroidManifest.xml:20:5-22:41
MERGED from [androidx.room:room-runtime:2.2.5] AndroidManifest.xml:20:5-22:41
MERGED from [androidx.room:room-runtime:2.2.5] AndroidManifest.xml:20:5-22:41
MERGED from [androidx.arch.core:core-runtime:2.1.0] AndroidManifest.xml:20:5-22:41
MERGED from [androidx.arch.core:core-runtime:2.1.0] AndroidManifest.xml:20:5-22:41
MERGED from [androidx.startup:startup-runtime:1.0.0] AndroidManifest.xml:21:5-23:41
MERGED from [androidx.startup:startup-runtime:1.0.0] AndroidManifest.xml:21:5-23:41
MERGED from [androidx.sqlite:sqlite-framework:2.1.0] AndroidManifest.xml:20:5-22:41
MERGED from [androidx.sqlite:sqlite-framework:2.1.0] AndroidManifest.xml:20:5-22:41
MERGED from [androidx.sqlite:sqlite:2.1.0] AndroidManifest.xml:20:5-22:41
MERGED from [androidx.sqlite:sqlite:2.1.0] AndroidManifest.xml:20:5-22:41
MERGED from [androidx.documentfile:documentfile:1.0.0] AndroidManifest.xml:20:5-44
MERGED from [androidx.documentfile:documentfile:1.0.0] AndroidManifest.xml:20:5-44
MERGED from [androidx.localbroadcastmanager:localbroadcastmanager:1.0.0] AndroidManifest.xml:20:5-44
MERGED from [androidx.localbroadcastmanager:localbroadcastmanager:1.0.0] AndroidManifest.xml:20:5-44
MERGED from [androidx.print:print:1.0.0] AndroidManifest.xml:20:5-44
MERGED from [androidx.print:print:1.0.0] AndroidManifest.xml:20:5-44
MERGED from [androidx.tracing:tracing:1.0.0] AndroidManifest.xml:20:5-22:41
MERGED from [androidx.tracing:tracing:1.0.0] AndroidManifest.xml:20:5-22:41
MERGED from [androidx.annotation:annotation-experimental:1.1.0] AndroidManifest.xml:20:5-22:41
MERGED from [androidx.annotation:annotation-experimental:1.1.0] AndroidManifest.xml:20:5-22:41
INJECTED from src/main/AndroidManifest.xml
INJECTED from src/main/AndroidManifest.xml
	tools:overrideLibrary
		ADDED from [com.google.android.gms:play-services-ads:21.4.0] AndroidManifest.xml:23:9-49
	android:targetSdkVersion
		INJECTED from src/main/AndroidManifest.xml
		ADDED from src/main/AndroidManifest.xml
		INJECTED from src/main/AndroidManifest.xml
	android:minSdkVersion
		INJECTED from src/main/AndroidManifest.xml
		ADDED from src/main/AndroidManifest.xml
		INJECTED from src/main/AndroidManifest.xml
activity#com.google.android.gms.auth.api.signin.internal.SignInHubActivity
ADDED from [com.google.android.gms:play-services-auth:19.2.0] AndroidManifest.xml:23:9-27:75
	android:excludeFromRecents
		ADDED from [com.google.android.gms:play-services-auth:19.2.0] AndroidManifest.xml:25:13-46
	android:exported
		ADDED from [com.google.android.gms:play-services-auth:19.2.0] AndroidManifest.xml:26:13-37
	android:theme
		ADDED from [com.google.android.gms:play-services-auth:19.2.0] AndroidManifest.xml:27:13-72
	android:name
		ADDED from [com.google.android.gms:play-services-auth:19.2.0] AndroidManifest.xml:24:13-93
service#com.google.android.gms.auth.api.signin.RevocationBoundService
ADDED from [com.google.android.gms:play-services-auth:19.2.0] AndroidManifest.xml:33:9-37:51
	android:exported
		ADDED from [com.google.android.gms:play-services-auth:19.2.0] AndroidManifest.xml:35:13-36
	android:visibleToInstantApps
		ADDED from [com.google.android.gms:play-services-auth:19.2.0] AndroidManifest.xml:37:13-48
	android:permission
		ADDED from [com.google.android.gms:play-services-auth:19.2.0] AndroidManifest.xml:36:13-107
	android:name
		ADDED from [com.google.android.gms:play-services-auth:19.2.0] AndroidManifest.xml:34:13-89
uses-permission#com.google.android.gms.permission.AD_ID
ADDED from [com.google.android.gms:play-services-ads-lite:21.4.0] AndroidManifest.xml:26:5-79
MERGED from [com.google.android.gms:play-services-ads-identifier:18.0.0] AndroidManifest.xml:23:5-79
MERGED from [com.google.android.gms:play-services-ads-identifier:18.0.0] AndroidManifest.xml:23:5-79
MERGED from [com.google.android.gms:play-services-measurement-sdk-api:20.1.2] AndroidManifest.xml:26:5-79
MERGED from [com.google.android.gms:play-services-measurement-sdk-api:20.1.2] AndroidManifest.xml:26:5-79
	android:name
		ADDED from [com.google.android.gms:play-services-ads-lite:21.4.0] AndroidManifest.xml:26:22-76
queries
ADDED from [com.google.android.gms:play-services-ads-lite:21.4.0] AndroidManifest.xml:29:5-45:15
intent#action:name:android.intent.action.VIEW+category:name:android.intent.category.BROWSABLE+data:scheme:https
ADDED from [com.google.android.gms:play-services-ads-lite:21.4.0] AndroidManifest.xml:32:9-38:18
action#android.intent.action.VIEW
ADDED from [com.google.android.gms:play-services-ads-lite:21.4.0] AndroidManifest.xml:33:13-65
	android:name
		ADDED from [com.google.android.gms:play-services-ads-lite:21.4.0] AndroidManifest.xml:33:21-62
category#android.intent.category.BROWSABLE
ADDED from [com.google.android.gms:play-services-ads-lite:21.4.0] AndroidManifest.xml:35:13-74
	android:name
		ADDED from [com.google.android.gms:play-services-ads-lite:21.4.0] AndroidManifest.xml:35:23-71
data
ADDED from [com.google.android.gms:play-services-ads-lite:21.4.0] AndroidManifest.xml:37:13-44
	android:scheme
		ADDED from [com.google.android.gms:play-services-ads-lite:21.4.0] AndroidManifest.xml:37:19-41
intent#action:name:android.support.customtabs.action.CustomTabsService
ADDED from [com.google.android.gms:play-services-ads-lite:21.4.0] AndroidManifest.xml:41:9-43:18
action#android.support.customtabs.action.CustomTabsService
ADDED from [com.google.android.gms:play-services-ads-lite:21.4.0] AndroidManifest.xml:42:13-90
	android:name
		ADDED from [com.google.android.gms:play-services-ads-lite:21.4.0] AndroidManifest.xml:42:21-87
provider#com.google.android.gms.ads.MobileAdsInitProvider
ADDED from [com.google.android.gms:play-services-ads-lite:21.4.0] AndroidManifest.xml:57:9-62:43
	android:authorities
		ADDED from [com.google.android.gms:play-services-ads-lite:21.4.0] AndroidManifest.xml:59:13-73
	android:exported
		ADDED from [com.google.android.gms:play-services-ads-lite:21.4.0] AndroidManifest.xml:60:13-37
	tools:ignore
		ADDED from [com.google.android.gms:play-services-ads-lite:21.4.0] AndroidManifest.xml:62:13-40